<?xml version="1.0" encoding="UTF-8"?>
<Site BuildName="Win32-MSBuild"
	BuildStamp="20240515-0027-Experimental"
	Name="cone"
	Generator="ctest-3.26.4-msvc4"
	CompilerName="C:/Program Files/Microsoft Visual Studio/2022/Community/VC/Tools/MSVC/14.37.32822/bin/Hostx86/x86/cl.exe"
	CompilerVersion="19.37.32824.0"
	OSName="Windows"
	Hostname="cone"
	OSRelease=" Professional"
	OSVersion=" (Build 19045)"
	OSPlatform="AMD64"
	Is64Bits="1"
	VendorString="GenuineIntel"
	VendorID="Intel Corporation"
	FamilyID="6"
	ModelID="7"
	ProcessorCacheSize="-1"
	NumberOfLogicalCPU="8"
	NumberOfPhysicalCPU="4"
	TotalVirtualMemory="18660"
	TotalPhysicalMemory="16228"
	LogicalProcessorsPerPhysical="2"
	ProcessorClockFrequency="3302"
	>
	<Testing>
		<StartDateTime>May 14 20:27 Eastern Daylight Time</StartDateTime>
		<StartTestTime>1715732829</StartTestTime>
		<TestList/>
		<EndDateTime>May 14 20:27 Eastern Daylight Time</EndDateTime>
		<EndTestTime>1715732829</EndTestTime>
		<ElapsedMinutes>0</ElapsedMinutes>
	</Testing>
</Site>
